2018-06-19 16:43:22 -  - exec CUpdateClientPartner::SearchModulesEx
2018-06-19 16:43:22 -  - exec CUpdateClientPartner::__CollectRequestData
2018-06-19 16:43:22 -  - utf=Y&lang=ru&stable=Y&CANGZIP=Y&SUPD_DBS=MYSQL&XE=N&CLIENT_SITE=fakro-line.ru&LICENSE_KEY=X&SUPD_STS=1&SUPD_URS=0&SUPD_URSA=1&TYPENC=F&CLIENT_PHPVER=7.1.18&NGINX=Y&dbv=5.6.39&instm=main%2C18.0.0%2CN%3Bseo%2C18.0.0%2CN%3Bbitrixcloud%2C17.5.0%2CN%3Biblock%2C17.6.3%2CN%3Bcompression%2C16.0.0%2CN%3Bclouds%2C17.0.2%2CN%3Blanding%2C18.3.0%2CN%3Bhighloadblock%2C17.5.0%2CN%3Btranslate%2C16.0.0%2CN%3Bsocialservices%2C17.5.4%2CN%3Bperfmon%2C17.0.1%2CN%3Bbitrix.sitecorporate%2C15.5.0%2CN%3Brest%2C18.0.0%2CN%3Bui%2C17.6.0%2CN%3Bb24connector%2C17.5.0%2CN%3Bmessageservice%2C18.0.0%2CN%3Bsearch%2C17.5.1%2CN%3Bfileman%2C17.5.12%2CN&search_module_id=&search_module=&search_category=7%2C14&search_type=&search_order=DESC&search_order_by=SORT&search_page=1&SUPD_SRS=RU&SUPD_CMP=N
2018-06-19 16:43:22 -  - exec CUpdateClientPartner::GetHTTPPage
2018-06-19 16:43:24 -  - TIME SearchModulesEx(request) 1.265 sec
2018-06-19 16:43:24 -  - exec CUpdateClientPartner::ParseServerData
2018-06-19 16:43:31 -  - exec CUpdateClientPartner::LoadModulesUpdates
2018-06-19 16:43:31 -  - exec CUpdateClientPartner::__CollectRequestData
2018-06-19 16:43:31 -  - utf=Y&lang=ru&stable=Y&CANGZIP=Y&SUPD_DBS=MYSQL&XE=N&CLIENT_SITE=fakro-line.ru&LICENSE_KEY=X&SUPD_STS=1&SUPD_URS=0&SUPD_URSA=1&TYPENC=F&CLIENT_PHPVER=7.1.18&NGINX=Y&dbv=5.6.39&instm=main%2C18.0.0%2CN%3Bseo%2C18.0.0%2CN%3Bbitrixcloud%2C17.5.0%2CN%3Biblock%2C17.6.3%2CN%3Bcompression%2C16.0.0%2CN%3Bclouds%2C17.0.2%2CN%3Blanding%2C18.3.0%2CN%3Bhighloadblock%2C17.5.0%2CN%3Btranslate%2C16.0.0%2CN%3Bsocialservices%2C17.5.4%2CN%3Bperfmon%2C17.0.1%2CN%3Bbitrix.sitecorporate%2C15.5.0%2CN%3Brest%2C18.0.0%2CN%3Bui%2C17.6.0%2CN%3Bb24connector%2C17.5.0%2CN%3Bmessageservice%2C18.0.0%2CN%3Bsearch%2C17.5.1%2CN%3Bfileman%2C17.5.12%2CN&reqm=impweb.flex&lim=Y&SUPD_SRS=RU&SUPD_CMP=N
2018-06-19 16:43:31 -  - exec CUpdateClientPartner::GetHTTPPage
2018-06-19 16:43:31 -  - TIME LoadModulesUpdates(request) 0.3 sec
2018-06-19 16:43:31 -  - exec CUpdateClientPartner::ParseServerData
2018-06-19 16:43:31 - S - STEP
2018-06-19 16:43:31 - LM4W01 - loadModule4Wizard-Step
2018-06-19 16:43:31 -  - exec CUpdateClientPartner::LoadModulesUpdates
2018-06-19 16:43:31 -  - exec CUpdateClientPartner::ParseServerData
2018-06-19 16:43:31 -  - loadFile
2018-06-19 16:43:33 - U - RETURN
2018-06-19 16:43:33 -  - exec CUpdateClientPartner::UnGzipArchive
2018-06-19 16:43:33 -  - TIME UnGzipArchive 0.214 sec
2018-06-19 16:43:33 -  - TIME UpdateStepModules 0.227 sec
2018-06-19 16:43:33 -  - exec CUpdateClientPartner::LoadModulesUpdates
2018-06-19 16:43:33 -  - exec CUpdateClientPartner::__CollectRequestData
2018-06-19 16:43:33 -  - utf=Y&lang=ru&stable=Y&CANGZIP=Y&SUPD_DBS=MYSQL&XE=N&CLIENT_SITE=fakro-line.ru&LICENSE_KEY=X&SUPD_STS=1&SUPD_URS=0&SUPD_URSA=1&TYPENC=F&CLIENT_PHPVER=7.1.18&NGINX=Y&dbv=5.6.39&instm=main%2C18.0.0%2CN%3Bseo%2C18.0.0%2CN%3Bbitrixcloud%2C17.5.0%2CN%3Biblock%2C17.6.3%2CN%3Bcompression%2C16.0.0%2CN%3Bclouds%2C17.0.2%2CN%3Bimpweb.flex%2C1.0.1%2CN%3Blanding%2C18.3.0%2CN%3Bhighloadblock%2C17.5.0%2CN%3Btranslate%2C16.0.0%2CN%3Bsocialservices%2C17.5.4%2CN%3Bperfmon%2C17.0.1%2CN%3Bbitrix.sitecorporate%2C15.5.0%2CN%3Brest%2C18.0.0%2CN%3Bui%2C17.6.0%2CN%3Bb24connector%2C17.5.0%2CN%3Bmessageservice%2C18.0.0%2CN%3Bsearch%2C17.5.1%2CN%3Bfileman%2C17.5.12%2CN&reqm=impweb.flex&lim=Y&SUPD_SRS=RU&SUPD_CMP=N
2018-06-19 16:43:33 -  - exec CUpdateClientPartner::GetHTTPPage
2018-06-19 16:43:34 -  - TIME LoadModulesUpdates(request) 0.304 sec
2018-06-19 16:43:34 -  - exec CUpdateClientPartner::ParseServerData
2018-06-19 16:43:34 - S - STEP
2018-06-19 16:43:34 - LM4W01 - loadModule4Wizard-Step
2018-06-19 16:43:34 -  - exec CUpdateClientPartner::LoadModulesUpdates
2018-06-19 16:43:34 -  - exec CUpdateClientPartner::ParseServerData
2018-06-19 16:43:34 -  - loadFile
2018-06-19 16:43:34 - U - RETURN
2018-06-19 16:43:34 -  - exec CUpdateClientPartner::UnGzipArchive
2018-06-19 16:43:34 -  - TIME UnGzipArchive 0.001 sec
2018-06-19 16:43:34 - CSURUS1 - Run updater '/bitrix/updates/update_m1529415814/impweb.flex/updater1.0.2.php'
2018-06-19 16:43:34 -  - TIME UpdateStepModules 0.003 sec
2018-06-19 16:43:34 -  - exec CUpdateClientPartner::LoadModulesUpdates
2018-06-19 16:43:34 -  - exec CUpdateClientPartner::__CollectRequestData
2018-06-19 16:43:34 -  - utf=Y&lang=ru&stable=Y&CANGZIP=Y&SUPD_DBS=MYSQL&XE=N&CLIENT_SITE=fakro-line.ru&LICENSE_KEY=X&SUPD_STS=1&SUPD_URS=0&SUPD_URSA=1&TYPENC=F&CLIENT_PHPVER=7.1.18&NGINX=Y&dbv=5.6.39&instm=main%2C18.0.0%2CN%3Bseo%2C18.0.0%2CN%3Bbitrixcloud%2C17.5.0%2CN%3Biblock%2C17.6.3%2CN%3Bcompression%2C16.0.0%2CN%3Bclouds%2C17.0.2%2CN%3Bimpweb.flex%2C1.0.2%2CN%3Blanding%2C18.3.0%2CN%3Bhighloadblock%2C17.5.0%2CN%3Btranslate%2C16.0.0%2CN%3Bsocialservices%2C17.5.4%2CN%3Bperfmon%2C17.0.1%2CN%3Bbitrix.sitecorporate%2C15.5.0%2CN%3Brest%2C18.0.0%2CN%3Bui%2C17.6.0%2CN%3Bb24connector%2C17.5.0%2CN%3Bmessageservice%2C18.0.0%2CN%3Bsearch%2C17.5.1%2CN%3Bfileman%2C17.5.12%2CN&reqm=impweb.flex&lim=Y&SUPD_SRS=RU&SUPD_CMP=N
2018-06-19 16:43:34 -  - exec CUpdateClientPartner::GetHTTPPage
2018-06-19 16:43:34 -  - TIME LoadModulesUpdates(request) 0.299 sec
2018-06-19 16:43:34 -  - exec CUpdateClientPartner::ParseServerData
2018-06-19 16:43:34 - STEP - Finish - NOUPDATES
2018-06-19 16:43:34 - LM4W03 - Finish - NOUPDATES
2018-06-19 16:43:38 -  - exec CUpdateClientPartner::SearchModulesEx
2018-06-19 16:43:38 -  - exec CUpdateClientPartner::__CollectRequestData
2018-06-19 16:43:38 -  - utf=Y&lang=ru&stable=Y&CANGZIP=Y&SUPD_DBS=MYSQL&XE=N&CLIENT_SITE=fakro-line.ru&LICENSE_KEY=X&SUPD_STS=1&SUPD_URS=0&SUPD_URSA=1&TYPENC=F&CLIENT_PHPVER=7.1.18&NGINX=Y&dbv=5.6.39&instm=main%2C18.0.0%2CN%3Bseo%2C18.0.0%2CN%3Bbitrixcloud%2C17.5.0%2CN%3Biblock%2C17.6.3%2CN%3Bcompression%2C16.0.0%2CN%3Bclouds%2C17.0.2%2CN%3Bimpweb.flex%2C1.0.2%2CN%3Blanding%2C18.3.0%2CN%3Bhighloadblock%2C17.5.0%2CN%3Btranslate%2C16.0.0%2CN%3Bsocialservices%2C17.5.4%2CN%3Bperfmon%2C17.0.1%2CN%3Bbitrix.sitecorporate%2C15.5.0%2CN%3Brest%2C18.0.0%2CN%3Bui%2C17.6.0%2CN%3Bb24connector%2C17.5.0%2CN%3Bmessageservice%2C18.0.0%2CN%3Bsearch%2C17.5.1%2CN%3Bfileman%2C17.5.12%2CN&search_module_id=&search_module=&search_category=7%2C14&search_type=&search_order=DESC&search_order_by=SORT&search_page=1&SUPD_SRS=RU&SUPD_CMP=N
2018-06-19 16:43:38 -  - exec CUpdateClientPartner::GetHTTPPage
2018-06-19 16:43:40 -  - TIME SearchModulesEx(request) 1.318 sec
2018-06-19 16:43:40 -  - exec CUpdateClientPartner::ParseServerData
2018-06-19 16:44:07 -  - exec CUpdateClientPartner::__CollectRequestData
2018-06-19 16:44:07 -  - exec CUpdateClientPartner::GetHTTPPage
2018-06-19 16:44:07 -  - exec CUpdateClientPartner::ParseServerData
2018-06-19 16:44:07 -  - exec CUpdateClientPartner::GetUpdatesList
2018-06-19 16:44:07 -  - exec CUpdateClientPartner::__CollectRequestData
2018-06-19 16:44:07 -  - utf=Y&lang=ru&stable=Y&CANGZIP=Y&SUPD_DBS=MYSQL&XE=N&CLIENT_SITE=fakro-line.ru&LICENSE_KEY=X&SUPD_STS=1&SUPD_URS=0&SUPD_URSA=1&TYPENC=F&CLIENT_PHPVER=7.1.18&NGINX=Y&dbv=5.6.39&instm=main%2C18.0.0%2CN%3Bseo%2C18.0.0%2CN%3Bbitrixcloud%2C17.5.0%2CN%3Biblock%2C17.6.3%2CN%3Bcompression%2C16.0.0%2CN%3Bclouds%2C17.0.2%2CN%3Bimpweb.flex%2C1.0.2%2CN%3Blanding%2C18.3.0%2CN%3Bhighloadblock%2C17.5.0%2CN%3Btranslate%2C16.0.0%2CN%3Bsocialservices%2C17.5.4%2CN%3Bperfmon%2C17.0.1%2CN%3Bbitrix.sitecorporate%2C15.5.0%2CN%3Brest%2C18.0.0%2CN%3Bui%2C17.6.0%2CN%3Bb24connector%2C17.5.0%2CN%3Bmessageservice%2C18.0.0%2CN%3Bsearch%2C17.5.1%2CN%3Bfileman%2C17.5.12%2CN&reqm=impweb.flex%2Cbitrix.sitecorporate&fullmoduleinfo=Y&SUPD_SRS=RU&SUPD_CMP=N
2018-06-19 16:44:07 -  - exec CUpdateClientPartner::GetHTTPPage
2018-06-19 16:44:07 -  - TIME GetUpdatesList(request) 0.273 sec
2018-06-19 16:44:07 -  - exec CUpdateClientPartner::ParseServerData
2018-06-19 16:44:07 -  - exec CUpdateClientPartner::__CollectRequestData
2018-06-19 16:44:07 -  - exec CUpdateClientPartner::GetHTTPPage
2018-06-19 16:44:08 -  - exec CUpdateClientPartner::ParseServerData
2018-07-11 10:10:14 -  - exec CUpdateClientPartner::__CollectRequestData
2018-07-11 10:10:14 -  - exec CUpdateClientPartner::GetHTTPPage
2018-07-11 10:10:14 -  - exec CUpdateClientPartner::ParseServerData
2018-07-11 10:10:14 -  - exec CUpdateClientPartner::GetUpdatesList
2018-07-11 10:10:14 -  - exec CUpdateClientPartner::__CollectRequestData
2018-07-11 10:10:14 -  - utf=Y&lang=ru&stable=Y&CANGZIP=Y&SUPD_DBS=MYSQL&XE=N&CLIENT_SITE=fakro-line.ru&LICENSE_KEY=X&SUPD_STS=1&SUPD_URS=0&SUPD_URSA=1&TYPENC=F&CLIENT_PHPVER=7.1.18&NGINX=Y&dbv=5.6.39&instm=main%2C18.0.0%2CN%3Bseo%2C18.0.0%2CN%3Bbitrixcloud%2C17.5.0%2CN%3Biblock%2C17.6.3%2CN%3Bcompression%2C16.0.0%2CN%3Bclouds%2C17.0.2%2CN%3Bimpweb.flex%2C1.0.2%2CN%3Blanding%2C18.3.0%2CN%3Bhighloadblock%2C17.5.0%2CN%3Btranslate%2C16.0.0%2CN%3Bsocialservices%2C17.5.4%2CN%3Bperfmon%2C17.0.1%2CN%3Bbitrix.sitecorporate%2C15.5.0%2CN%3Brest%2C18.0.0%2CN%3Bui%2C17.6.0%2CN%3Bb24connector%2C17.5.0%2CN%3Bmessageservice%2C18.0.0%2CN%3Bsearch%2C17.5.1%2CN%3Bfileman%2C17.5.12%2CN&reqm=impweb.flex%2Cbitrix.sitecorporate&fullmoduleinfo=Y&SUPD_SRS=RU&SUPD_CMP=N
2018-07-11 10:10:14 -  - exec CUpdateClientPartner::GetHTTPPage
2018-07-11 10:10:14 -  - TIME GetUpdatesList(request) 0.303 sec
2018-07-11 10:10:14 -  - exec CUpdateClientPartner::ParseServerData
2018-07-11 10:10:14 -  - exec CUpdateClientPartner::__CollectRequestData
2018-07-11 10:10:14 -  - exec CUpdateClientPartner::GetHTTPPage
2018-07-11 10:10:14 -  - exec CUpdateClientPartner::ParseServerData
2018-07-12 10:31:09 -  - exec CUpdateClientPartner::__CollectRequestData
2018-07-12 10:31:09 -  - exec CUpdateClientPartner::GetHTTPPage
2018-07-12 10:31:09 -  - exec CUpdateClientPartner::ParseServerData
2018-07-12 10:31:09 -  - exec CUpdateClientPartner::GetUpdatesList
2018-07-12 10:31:09 -  - exec CUpdateClientPartner::__CollectRequestData
2018-07-12 10:31:09 -  - utf=Y&lang=ru&stable=Y&CANGZIP=Y&SUPD_DBS=MYSQL&XE=N&CLIENT_SITE=fakro-line.ru&LICENSE_KEY=X&SUPD_STS=1&SUPD_URS=0&SUPD_URSA=1&TYPENC=F&CLIENT_PHPVER=7.1.18&NGINX=Y&dbv=5.6.39&instm=main%2C18.0.0%2CN%3Bseo%2C18.0.0%2CN%3Bbitrixcloud%2C17.5.0%2CN%3Biblock%2C17.6.3%2CN%3Bcompression%2C16.0.0%2CN%3Bclouds%2C17.0.2%2CN%3Bimpweb.flex%2C1.0.2%2CN%3Blanding%2C18.3.0%2CN%3Bhighloadblock%2C17.5.0%2CN%3Btranslate%2C16.0.0%2CN%3Bsocialservices%2C17.5.4%2CN%3Bperfmon%2C17.0.1%2CN%3Bbitrix.sitecorporate%2C15.5.0%2CN%3Brest%2C18.0.0%2CN%3Bui%2C17.6.0%2CN%3Bb24connector%2C17.5.0%2CN%3Bmessageservice%2C18.0.0%2CN%3Bsearch%2C17.5.1%2CN%3Bfileman%2C17.5.12%2CN&reqm=impweb.flex%2Cbitrix.sitecorporate&fullmoduleinfo=Y&SUPD_SRS=RU&SUPD_CMP=N
2018-07-12 10:31:09 -  - exec CUpdateClientPartner::GetHTTPPage
2018-07-12 10:31:10 -  - TIME GetUpdatesList(request) 0.392 sec
2018-07-12 10:31:10 -  - exec CUpdateClientPartner::ParseServerData
2018-07-12 10:31:10 -  - exec CUpdateClientPartner::__CollectRequestData
2018-07-12 10:31:10 -  - exec CUpdateClientPartner::GetHTTPPage
2018-07-12 10:31:10 -  - exec CUpdateClientPartner::ParseServerData
2018-07-16 21:39:13 -  - exec CUpdateClientPartner::__CollectRequestData
2018-07-16 21:39:13 -  - exec CUpdateClientPartner::GetHTTPPage
2018-07-16 21:39:13 -  - exec CUpdateClientPartner::ParseServerData
2018-07-16 21:39:13 -  - exec CUpdateClientPartner::GetUpdatesList
2018-07-16 21:39:13 -  - exec CUpdateClientPartner::__CollectRequestData
2018-07-16 21:39:13 -  - utf=Y&lang=ru&stable=Y&CANGZIP=Y&SUPD_DBS=MYSQL&XE=N&CLIENT_SITE=fakro-line.ru&LICENSE_KEY=X&SUPD_STS=1&SUPD_URS=0&SUPD_URSA=1&TYPENC=F&CLIENT_PHPVER=7.1.18&NGINX=Y&dbv=5.6.39&instm=main%2C18.0.0%2CN%3Bseo%2C18.0.0%2CN%3Bbitrixcloud%2C17.5.0%2CN%3Biblock%2C17.6.3%2CN%3Bcompression%2C16.0.0%2CN%3Bclouds%2C17.0.2%2CN%3Bimpweb.flex%2C1.0.2%2CN%3Blanding%2C18.3.0%2CN%3Bhighloadblock%2C17.5.0%2CN%3Btranslate%2C16.0.0%2CN%3Bsocialservices%2C17.5.4%2CN%3Bperfmon%2C17.0.1%2CN%3Bbitrix.sitecorporate%2C15.5.0%2CN%3Brest%2C18.0.0%2CN%3Bui%2C17.6.0%2CN%3Bb24connector%2C17.5.0%2CN%3Bmessageservice%2C18.0.0%2CN%3Bsearch%2C17.5.1%2CN%3Bfileman%2C17.5.12%2CN&reqm=impweb.flex%2Cbitrix.sitecorporate&fullmoduleinfo=Y&SUPD_SRS=RU&SUPD_CMP=N
2018-07-16 21:39:13 -  - exec CUpdateClientPartner::GetHTTPPage
2018-07-16 21:39:13 -  - TIME GetUpdatesList(request) 0.293 sec
2018-07-16 21:39:13 -  - exec CUpdateClientPartner::ParseServerData
2018-07-16 21:39:13 -  - exec CUpdateClientPartner::__CollectRequestData
2018-07-16 21:39:13 -  - exec CUpdateClientPartner::GetHTTPPage
2018-07-16 21:39:14 -  - exec CUpdateClientPartner::ParseServerData
2018-07-17 22:05:57 -  - exec CUpdateClientPartner::__CollectRequestData
2018-07-17 22:05:57 -  - exec CUpdateClientPartner::GetHTTPPage
2018-07-17 22:05:57 -  - exec CUpdateClientPartner::ParseServerData
2018-07-17 22:05:57 -  - exec CUpdateClientPartner::GetUpdatesList
2018-07-17 22:05:57 -  - exec CUpdateClientPartner::__CollectRequestData
2018-07-17 22:05:57 -  - utf=Y&lang=ru&stable=Y&CANGZIP=Y&SUPD_DBS=MYSQL&XE=N&CLIENT_SITE=fakro-line.ru&LICENSE_KEY=X&SUPD_STS=1&SUPD_URS=0&SUPD_URSA=1&TYPENC=F&CLIENT_PHPVER=7.1.18&NGINX=Y&dbv=5.6.39&instm=main%2C18.0.0%2CN%3Bseo%2C18.0.0%2CN%3Bbitrixcloud%2C17.5.0%2CN%3Biblock%2C17.6.3%2CN%3Bcompression%2C16.0.0%2CN%3Bclouds%2C17.0.2%2CN%3Bimpweb.flex%2C1.0.2%2CN%3Blanding%2C18.3.0%2CN%3Bhighloadblock%2C17.5.0%2CN%3Btranslate%2C16.0.0%2CN%3Bsocialservices%2C17.5.4%2CN%3Bperfmon%2C17.0.1%2CN%3Bbitrix.sitecorporate%2C15.5.0%2CN%3Brest%2C18.0.0%2CN%3Bui%2C17.6.0%2CN%3Bb24connector%2C17.5.0%2CN%3Bmessageservice%2C18.0.0%2CN%3Bsearch%2C17.5.1%2CN%3Bfileman%2C17.5.12%2CN&reqm=impweb.flex%2Cbitrix.sitecorporate&fullmoduleinfo=Y&SUPD_SRS=RU&SUPD_CMP=N
2018-07-17 22:05:57 -  - exec CUpdateClientPartner::GetHTTPPage
2018-07-17 22:05:58 -  - TIME GetUpdatesList(request) 0.275 sec
2018-07-17 22:05:58 -  - exec CUpdateClientPartner::ParseServerData
2018-07-17 22:05:58 -  - exec CUpdateClientPartner::__CollectRequestData
2018-07-17 22:05:58 -  - exec CUpdateClientPartner::GetHTTPPage
2018-07-17 22:05:58 -  - exec CUpdateClientPartner::ParseServerData
2018-07-20 12:48:35 -  - exec CUpdateClientPartner::GetUpdatesList
2018-07-20 12:48:35 -  - exec CUpdateClientPartner::__CollectRequestData
2018-07-20 12:48:35 -  - utf=Y&lang=ru&stable=Y&CANGZIP=Y&SUPD_DBS=MYSQL&XE=N&CLIENT_SITE=fakro-line.ru&LICENSE_KEY=X&SUPD_STS=1&SUPD_URS=0&SUPD_URSA=1&TYPENC=F&CLIENT_PHPVER=7.1.18&NGINX=Y&dbv=5.6.39&instm=main%2C18.0.0%2CN%3Bseo%2C18.0.0%2CN%3Bbitrixcloud%2C17.5.0%2CN%3Biblock%2C17.6.3%2CN%3Bcompression%2C16.0.0%2CN%3Bclouds%2C17.0.2%2CN%3Bimpweb.flex%2C1.0.2%2CN%3Blanding%2C18.3.0%2CN%3Bhighloadblock%2C17.5.0%2CN%3Btranslate%2C16.0.0%2CN%3Bsocialservices%2C17.5.4%2CN%3Bperfmon%2C17.0.1%2CN%3Bbitrix.sitecorporate%2C15.5.0%2CN%3Brest%2C18.0.0%2CN%3Bui%2C17.6.0%2CN%3Bb24connector%2C17.5.0%2CN%3Bmessageservice%2C18.0.0%2CN%3Bsearch%2C17.5.1%2CN%3Bfileman%2C17.5.12%2CN&reqm=impweb.flex%2Cbitrix.sitecorporate&fullmoduleinfo=Y&SUPD_SRS=RU&SUPD_CMP=N
2018-07-20 12:48:35 -  - exec CUpdateClientPartner::GetHTTPPage
2018-07-20 12:48:35 -  - TIME GetUpdatesList(request) 0.298 sec
2018-07-20 12:48:35 -  - exec CUpdateClientPartner::ParseServerData
2018-07-20 14:29:30 -  - exec CUpdateClientPartner::GetUpdatesList
2018-07-20 14:29:30 -  - exec CUpdateClientPartner::__CollectRequestData
2018-07-20 14:29:30 -  - utf=Y&lang=ru&stable=Y&CANGZIP=Y&SUPD_DBS=MYSQL&XE=N&CLIENT_SITE=fakro-line.ru&LICENSE_KEY=X&SUPD_STS=1&SUPD_URS=0&SUPD_URSA=1&TYPENC=F&CLIENT_PHPVER=7.1.18&NGINX=Y&dbv=5.6.39&instm=main%2C18.0.0%2CN%3Bseo%2C18.0.0%2CN%3Bbitrixcloud%2C17.5.0%2CN%3Biblock%2C17.6.3%2CN%3Bcompression%2C16.0.0%2CN%3Bclouds%2C17.0.2%2CN%3Bimpweb.flex%2C1.0.2%2CN%3Blanding%2C18.3.0%2CN%3Bhighloadblock%2C17.5.0%2CN%3Btranslate%2C16.0.0%2CN%3Bsocialservices%2C17.5.4%2CN%3Bperfmon%2C17.0.1%2CN%3Bbitrix.sitecorporate%2C15.5.0%2CN%3Brest%2C18.0.0%2CN%3Bui%2C17.6.0%2CN%3Bb24connector%2C17.5.0%2CN%3Bmessageservice%2C18.0.0%2CN%3Bsearch%2C17.5.1%2CN%3Bfileman%2C17.5.12%2CN&reqm=impweb.flex%2Cbitrix.sitecorporate&fullmoduleinfo=Y&SUPD_SRS=RU&SUPD_CMP=N
2018-07-20 14:29:30 -  - exec CUpdateClientPartner::GetHTTPPage
2018-07-20 14:29:30 -  - TIME GetUpdatesList(request) 0.298 sec
2018-07-20 14:29:30 -  - exec CUpdateClientPartner::ParseServerData
2018-07-25 19:16:30 -  - exec CUpdateClientPartner::GetUpdatesList
2018-07-25 19:16:30 -  - exec CUpdateClientPartner::__CollectRequestData
2018-07-25 19:16:30 -  - utf=Y&lang=ru&stable=Y&CANGZIP=Y&SUPD_DBS=MYSQL&XE=N&CLIENT_SITE=fakro-line.ru&LICENSE_KEY=X&SUPD_STS=1&SUPD_URS=0&SUPD_URSA=1&TYPENC=F&CLIENT_PHPVER=7.1.18&NGINX=Y&dbv=5.6.39&instm=main%2C18.0.0%2CN%3Bseo%2C18.0.0%2CN%3Bbitrixcloud%2C17.5.0%2CN%3Biblock%2C17.6.3%2CN%3Bcompression%2C16.0.0%2CN%3Bclouds%2C17.0.2%2CN%3Bimpweb.flex%2C1.0.2%2CN%3Blanding%2C18.3.0%2CN%3Bhighloadblock%2C17.5.0%2CN%3Btranslate%2C16.0.0%2CN%3Bsocialservices%2C17.5.4%2CN%3Bperfmon%2C17.0.1%2CN%3Bbitrix.sitecorporate%2C15.5.0%2CN%3Brest%2C18.0.0%2CN%3Bui%2C17.6.0%2CN%3Bb24connector%2C17.5.0%2CN%3Bmessageservice%2C18.0.0%2CN%3Bsearch%2C17.5.1%2CN%3Bfileman%2C17.5.12%2CN&reqm=impweb.flex%2Cbitrix.sitecorporate&fullmoduleinfo=Y&SUPD_SRS=RU&SUPD_CMP=N
2018-07-25 19:16:30 -  - exec CUpdateClientPartner::GetHTTPPage
2018-07-25 19:16:31 -  - TIME GetUpdatesList(request) 0.262 sec
2018-07-25 19:16:31 -  - exec CUpdateClientPartner::ParseServerData
2019-01-30 15:44:17 -  - exec CUpdateClientPartner::GetUpdatesList
2019-01-30 15:44:17 -  - exec CUpdateClientPartner::__CollectRequestData
2019-01-30 15:44:17 -  - utf=Y&lang=ru&stable=Y&CANGZIP=Y&SUPD_DBS=MYSQL&XE=N&CLIENT_SITE=fakro-line.ru&LICENSE_KEY=X&SUPD_STS=1&SUPD_URS=0&SUPD_URSA=1&TYPENC=F&CLIENT_PHPVER=7.1.18&NGINX=Y&dbv=5.7.23&instm=main%2C18.0.0%2CN%3Bseo%2C18.0.0%2CN%3Bbitrixcloud%2C17.5.0%2CN%3Biblock%2C17.6.3%2CN%3Bcompression%2C16.0.0%2CN%3Bclouds%2C17.0.2%2CN%3Bimpweb.flex%2C1.0.2%2CN%3Blanding%2C18.3.0%2CN%3Bhighloadblock%2C17.5.0%2CN%3Btranslate%2C16.0.0%2CN%3Bsocialservices%2C17.5.4%2CN%3Bperfmon%2C17.0.1%2CN%3Bbitrix.sitecorporate%2C15.5.0%2CN%3Brest%2C18.0.0%2CN%3Bui%2C17.6.0%2CN%3Bb24connector%2C17.5.0%2CN%3Bmessageservice%2C18.0.0%2CN%3Bsearch%2C17.5.1%2CN%3Bfileman%2C17.5.12%2CN&reqm=impweb.flex%2Cbitrix.sitecorporate&fullmoduleinfo=Y&SUPD_SRS=RU&SUPD_CMP=N
2019-01-30 15:44:17 -  - exec CUpdateClientPartner::GetHTTPPage
2019-01-30 15:44:18 -  - TIME GetUpdatesList(request) 0.706 sec
2019-01-30 15:44:18 -  - exec CUpdateClientPartner::ParseServerData
